<?xml version="1.0" encoding="UTF-8"?>
<testsuite xmlns:xsi="http://www.w3.org/2001/XMLSchema-instance" xsi:noNamespaceSchemaLocation="https://maven.apache.org/surefire/maven-surefire-plugin/xsd/surefire-test-report.xsd" name="TestSuite" time="705.913" tests="23" errors="0" skipped="0" failures="11">
  <properties>
[...]
</properties>
  <testcase name="AddedToCartProductShouldBeExistInCartPage" classname="ImtechCartTests" time="17.199"/>
  <testcase name="AllowsToAddProductToCart" classname="ImtechCartTests" time="16.689"/>
  <testcase name="ValidateAddingProductToCartByTitleAndPrice" classname="ImtechCartTests" time="9.852"/>
  <testcase name="isAppliancesPageLoaded" classname="ImtechSmokeTests" time="32.652">
    <failure message="Build info: version: &apos;3.12.0&apos;, revision: &apos;7c6e0b3&apos;, time: &apos;2018-05-08T14:04:26.12Z&apos;&#10;System info: host: &apos;AREDCHYTS-NOUT&apos;, ip: &apos;192.168.0.105&apos;, os.name: &apos;Windows 10&apos;, os.arch: &apos;amd64&apos;, os.version: &apos;10.0&apos;, java.version: &apos;1.8.0_162&apos;&#10;Driver info: driver.version: Driver" type="org.openqa.selenium.WebDriverException">org.openqa.selenium.WebDriverException: 
Build info: version: '3.12.0', revision: '7c6e0b3', time: '2018-05-08T14:04:26.12Z'
System info: host: 'AREDCHYTS-NOUT', ip: '192.168.0.105', os.name: 'Windows 10', os.arch: 'amd64', os.version: '10.0', java.version: '1.8.0_162'
Driver info: driver.version: Driver
	at ImtechSmokeTests.isAppliancesPageLoaded(ImtechSmokeTests.java:28)
</failure>
    <system-out><![CDATA[2019-06-02 15:08:58 INFO  LoggerUtil:25 - XXXXXXXXXXXXXXXXXXXXXXX             -E---N---D-             XXXXXXXXXXXXXXXXXXXXXX
2019-06-02 15:08:58 INFO  LoggerUtil:11 - ****************************************************************************************
2019-06-02 15:08:58 INFO  LoggerUtil:13 - $$$$$$$$$$$$$$$$$$$$$                 Test suite: ImtechSmokeTests is running...       $$$$$$$$$$$$$$$$$$$$$$$$$
2019-06-02 15:08:58 INFO  LoggerUtil:15 - ****************************************************************************************
2019-06-02 15:08:58 INFO  LoggerUtil:29 - ****************************************************************************************
2019-06-02 15:08:58 INFO  LoggerUtil:31 - $$$$$$$$$$$$$$$$$$$$$                 Test case: isAppliancesPageLoaded is running...       $$$$$$$$$$$$$$$$$$$$$$$$$
2019-06-02 15:08:58 INFO  LoggerUtil:33 - ****************************************************************************************
2019-06-02 15:08:59 INFO  LoggerUtil:38 - Loaded: http://imtech.com.ua/
2019-06-02 15:08:59 INFO  LoggerUtil:38 - Waiting for clickable element Appliances page link
2019-06-02 15:09:00 INFO  LoggerUtil:38 - Clicked on Appliances page link
2019-06-02 15:09:00 INFO  LoggerUtil:38 - Waiting for visibility of Appliances page base label
2019-06-02 15:09:30 ERROR LoggerUtil:50 - Failed to find visible webElement 'Appliances page base label':Expected condition failed: waiting for visibility of element located by By.xpath: //h1[contains(text(), 'Бытовая')] (tried for 30 second(s) with 500 milliseconds interval)
2019-06-02 15:09:30 ERROR LoggerUtil:50 - Can't discover visibility of element 'engine.Locatable@48bab2c6': Build info: version: '3.12.0', revision: '7c6e0b3', time: '2018-05-08T14:04:26.12Z'
System info: host: 'AREDCHYTS-NOUT', ip: '192.168.0.105', os.name: 'Windows 10', os.arch: 'amd64', os.version: '10.0', java.version: '1.8.0_162'
Driver info: driver.version: Driver
2019-06-02 15:09:30 ERROR LoggerUtil:50 - Test FAILED: isAppliancesPageLoaded
2019-06-02 15:09:30 INFO  LoggerUtil:38 - Screenshot captured for test case: isAppliancesPageLoaded
]]></system-out>
  </testcase>
  <testcase name="isBasePageLoaded" classname="ImtechSmokeTests" time="1.856"/>
  <testcase name="isComputersPageLoaded" classname="ImtechSmokeTests" time="5.536"/>
  <testcase name="isNetworkEquipmentPageLoaded" classname="ImtechSmokeTests" time="5.508"/>
  <testcase name="isOfficeEquipmentPageLoaded" classname="ImtechSmokeTests" time="5.405"/>
  <testcase name="isPortableEquipmentPageLoaded" classname="ImtechSmokeTests" time="4.788"/>
  <testcase name="isServersEquipmentPageLoaded" classname="ImtechSmokeTests" time="2.937"/>
  <testcase name="isSmarpthonesPageLoaded" classname="ImtechSmokeTests" time="4.98"/>
  <testcase name="isTvPageLoaded" classname="ImtechSmokeTests" time="3.169"/>
  <testcase name="isAppliancesPageLoaded" classname="RozetkaSmokeTests" time="64.02">
    <failure message="Build info: version: &apos;3.12.0&apos;, revision: &apos;7c6e0b3&apos;, time: &apos;2018-05-08T14:04:26.12Z&apos;&#10;System info: host: &apos;AREDCHYTS-NOUT&apos;, ip: &apos;192.168.0.105&apos;, os.name: &apos;Windows 10&apos;, os.arch: &apos;amd64&apos;, os.version: &apos;10.0&apos;, java.version: &apos;1.8.0_162&apos;&#10;Driver info: driver.version: Driver" type="org.openqa.selenium.WebDriverException">org.openqa.selenium.WebDriverException: 
Build info: version: '3.12.0', revision: '7c6e0b3', time: '2018-05-08T14:04:26.12Z'
System info: host: 'AREDCHYTS-NOUT', ip: '192.168.0.105', os.name: 'Windows 10', os.arch: 'amd64', os.version: '10.0', java.version: '1.8.0_162'
Driver info: driver.version: Driver
	at RozetkaSmokeTests.isAppliancesPageLoaded(RozetkaSmokeTests.java:28)
</failure>
    <system-out><![CDATA[2019-06-02 15:10:05 INFO  LoggerUtil:25 - XXXXXXXXXXXXXXXXXXXXXXX             -E---N---D-             XXXXXXXXXXXXXXXXXXXXXX
2019-06-02 15:10:05 INFO  LoggerUtil:11 - ****************************************************************************************
2019-06-02 15:10:05 INFO  LoggerUtil:13 - $$$$$$$$$$$$$$$$$$$$$                 Test suite: RozetkaSmokeTests is running...       $$$$$$$$$$$$$$$$$$$$$$$$$
2019-06-02 15:10:05 INFO  LoggerUtil:15 - ****************************************************************************************
2019-06-02 15:10:05 INFO  LoggerUtil:29 - ****************************************************************************************
2019-06-02 15:10:05 INFO  LoggerUtil:31 - $$$$$$$$$$$$$$$$$$$$$                 Test case: isAppliancesPageLoaded is running...       $$$$$$$$$$$$$$$$$$$$$$$$$
2019-06-02 15:10:05 INFO  LoggerUtil:33 - ****************************************************************************************
2019-06-02 15:10:08 INFO  LoggerUtil:38 - Loaded: https://rozetka.com.ua/ua/
2019-06-02 15:10:08 INFO  LoggerUtil:38 - Waiting for clickable element Appliances link
2019-06-02 15:10:38 ERROR LoggerUtil:50 - Failed to find clickable element 'engine.Locatable@ceeb762':Expected condition failed: waiting for element to be clickable: By.xpath: (//a[@class = 'menu-categories__link'])[3] (tried for 30 second(s) with 500 milliseconds interval)
Build info: version: '3.12.0', revision: '7c6e0b3', time: '2018-05-08T14:04:26.12Z'
System info: host: 'AREDCHYTS-NOUT', ip: '192.168.0.105', os.name: 'Windows 10', os.arch: 'amd64', os.version: '10.0', java.version: '1.8.0_162'
Driver info: org.openqa.selenium.chrome.ChromeDriver
Capabilities {acceptInsecureCerts: false, acceptSslCerts: false, applicationCacheEnabled: false, browserConnectionEnabled: false, browserName: chrome, chrome: {chromedriverVersion: 74.0.3729.6 (255758eccf3d24..., userDataDir: C:\Windows\TEMP\scoped_dir1...}, cssSelectorsEnabled: true, databaseEnabled: false, goog:chromeOptions: {debuggerAddress: localhost:54981}, handlesAlerts: true, hasTouchScreen: false, javascriptEnabled: true, locationContextEnabled: true, mobileEmulationEnabled: false, nativeEvents: true, networkConnectionEnabled: false, pageLoadStrategy: normal, platform: XP, platformName: XP, proxy: Proxy(), rotatable: false, setWindowRect: true, strictFileInteractability: false, takesHeapSnapshot: true, takesScreenshot: true, timeouts: {implicit: 0, pageLoad: 300000, script: 30000}, unexpectedAlertBehaviour: ignore, unhandledPromptBehavior: ignore, version: 74.0.3729.169, webStorageEnabled: true}
Session ID: aa7f30b9c57a422eeb3153490e5accbc
2019-06-02 15:10:38 ERROR LoggerUtil:50 - Failed to click on 'engine.Locatable@ceeb762': Build info: version: '3.12.0', revision: '7c6e0b3', time: '2018-05-08T14:04:26.12Z'
System info: host: 'AREDCHYTS-NOUT', ip: '192.168.0.105', os.name: 'Windows 10', os.arch: 'amd64', os.version: '10.0', java.version: '1.8.0_162'
Driver info: driver.version: Driver
2019-06-02 15:10:38 INFO  LoggerUtil:38 - Waiting for visibility of Base Appliance page label
2019-06-02 15:11:08 ERROR LoggerUtil:50 - Failed to find visible webElement 'Base Appliance page label':Expected condition failed: waiting for visibility of element located by By.cssSelector: .title-page (tried for 30 second(s) with 500 milliseconds interval)
2019-06-02 15:11:08 ERROR LoggerUtil:50 - Can't discover visibility of element 'engine.Locatable@451f08ea': Build info: version: '3.12.0', revision: '7c6e0b3', time: '2018-05-08T14:04:26.12Z'
System info: host: 'AREDCHYTS-NOUT', ip: '192.168.0.105', os.name: 'Windows 10', os.arch: 'amd64', os.version: '10.0', java.version: '1.8.0_162'
Driver info: driver.version: Driver
2019-06-02 15:11:08 ERROR LoggerUtil:50 - Test FAILED: isAppliancesPageLoaded
2019-06-02 15:11:08 INFO  LoggerUtil:38 - Screenshot captured for test case: isAppliancesPageLoaded
]]></system-out>
  </testcase>
  <testcase name="isBasePageLoaded" classname="RozetkaSmokeTests" time="2.05"/>
  <testcase name="isLaptopsAndComputersPageLoaded" classname="RozetkaSmokeTests" time="62.725">
    <failure message="Build info: version: &apos;3.12.0&apos;, revision: &apos;7c6e0b3&apos;, time: &apos;2018-05-08T14:04:26.12Z&apos;&#10;System info: host: &apos;AREDCHYTS-NOUT&apos;, ip: &apos;192.168.0.105&apos;, os.name: &apos;Windows 10&apos;, os.arch: &apos;amd64&apos;, os.version: &apos;10.0&apos;, java.version: &apos;1.8.0_162&apos;&#10;Driver info: driver.version: Driver" type="org.openqa.selenium.WebDriverException">org.openqa.selenium.WebDriverException: 
Build info: version: '3.12.0', revision: '7c6e0b3', time: '2018-05-08T14:04:26.12Z'
System info: host: 'AREDCHYTS-NOUT', ip: '192.168.0.105', os.name: 'Windows 10', os.arch: 'amd64', os.version: '10.0', java.version: '1.8.0_162'
Driver info: driver.version: Driver
	at RozetkaSmokeTests.isLaptopsAndComputersPageLoaded(RozetkaSmokeTests.java:38)
</failure>
    <system-out><![CDATA[2019-06-02 15:11:11 INFO  LoggerUtil:29 - ****************************************************************************************
2019-06-02 15:11:11 INFO  LoggerUtil:31 - $$$$$$$$$$$$$$$$$$$$$                 Test case: isLaptopsAndComputersPageLoaded is running...       $$$$$$$$$$$$$$$$$$$$$$$$$
2019-06-02 15:11:11 INFO  LoggerUtil:33 - ****************************************************************************************
2019-06-02 15:11:13 INFO  LoggerUtil:38 - Loaded: https://rozetka.com.ua/ua/
2019-06-02 15:11:13 INFO  LoggerUtil:38 - Waiting for clickable element Laptops and computers link
2019-06-02 15:11:43 ERROR LoggerUtil:50 - Failed to find clickable element 'engine.Locatable@61ce4af8':Expected condition failed: waiting for element to be clickable: By.xpath: (//a[@class = 'menu-categories__link'])[1] (tried for 30 second(s) with 500 milliseconds interval)
Build info: version: '3.12.0', revision: '7c6e0b3', time: '2018-05-08T14:04:26.12Z'
System info: host: 'AREDCHYTS-NOUT', ip: '192.168.0.105', os.name: 'Windows 10', os.arch: 'amd64', os.version: '10.0', java.version: '1.8.0_162'
Driver info: org.openqa.selenium.chrome.ChromeDriver
Capabilities {acceptInsecureCerts: false, acceptSslCerts: false, applicationCacheEnabled: false, browserConnectionEnabled: false, browserName: chrome, chrome: {chromedriverVersion: 74.0.3729.6 (255758eccf3d24..., userDataDir: C:\Windows\TEMP\scoped_dir1...}, cssSelectorsEnabled: true, databaseEnabled: false, goog:chromeOptions: {debuggerAddress: localhost:54981}, handlesAlerts: true, hasTouchScreen: false, javascriptEnabled: true, locationContextEnabled: true, mobileEmulationEnabled: false, nativeEvents: true, networkConnectionEnabled: false, pageLoadStrategy: normal, platform: XP, platformName: XP, proxy: Proxy(), rotatable: false, setWindowRect: true, strictFileInteractability: false, takesHeapSnapshot: true, takesScreenshot: true, timeouts: {implicit: 0, pageLoad: 300000, script: 30000}, unexpectedAlertBehaviour: ignore, unhandledPromptBehavior: ignore, version: 74.0.3729.169, webStorageEnabled: true}
Session ID: aa7f30b9c57a422eeb3153490e5accbc
2019-06-02 15:11:43 ERROR LoggerUtil:50 - Failed to click on 'engine.Locatable@61ce4af8': Build info: version: '3.12.0', revision: '7c6e0b3', time: '2018-05-08T14:04:26.12Z'
System info: host: 'AREDCHYTS-NOUT', ip: '192.168.0.105', os.name: 'Windows 10', os.arch: 'amd64', os.version: '10.0', java.version: '1.8.0_162'
Driver info: driver.version: Driver
2019-06-02 15:11:43 INFO  LoggerUtil:38 - Waiting for visibility of Base Laptops and computers page label
2019-06-02 15:12:13 ERROR LoggerUtil:50 - Failed to find visible webElement 'Base Laptops and computers page label':Expected condition failed: waiting for visibility of element located by By.cssSelector: .h3,pab-h3 (tried for 30 second(s) with 500 milliseconds interval)
2019-06-02 15:12:13 ERROR LoggerUtil:50 - Can't discover visibility of element 'engine.Locatable@33015d51': Build info: version: '3.12.0', revision: '7c6e0b3', time: '2018-05-08T14:04:26.12Z'
System info: host: 'AREDCHYTS-NOUT', ip: '192.168.0.105', os.name: 'Windows 10', os.arch: 'amd64', os.version: '10.0', java.version: '1.8.0_162'
Driver info: driver.version: Driver
2019-06-02 15:12:13 ERROR LoggerUtil:50 - Test FAILED: isLaptopsAndComputersPageLoaded
2019-06-02 15:12:13 INFO  LoggerUtil:38 - Screenshot captured for test case: isLaptopsAndComputersPageLoaded
]]></system-out>
  </testcase>
  <testcase name="isSmartphonesAndTvPageLoaded" classname="RozetkaSmokeTests" time="62.684">
    <failure message="Build info: version: &apos;3.12.0&apos;, revision: &apos;7c6e0b3&apos;, time: &apos;2018-05-08T14:04:26.12Z&apos;&#10;System info: host: &apos;AREDCHYTS-NOUT&apos;, ip: &apos;192.168.0.105&apos;, os.name: &apos;Windows 10&apos;, os.arch: &apos;amd64&apos;, os.version: &apos;10.0&apos;, java.version: &apos;1.8.0_162&apos;&#10;Driver info: driver.version: Driver" type="org.openqa.selenium.WebDriverException">org.openqa.selenium.WebDriverException: 
Build info: version: '3.12.0', revision: '7c6e0b3', time: '2018-05-08T14:04:26.12Z'
System info: host: 'AREDCHYTS-NOUT', ip: '192.168.0.105', os.name: 'Windows 10', os.arch: 'amd64', os.version: '10.0', java.version: '1.8.0_162'
Driver info: driver.version: Driver
	at RozetkaSmokeTests.isSmartphonesAndTvPageLoaded(RozetkaSmokeTests.java:48)
</failure>
    <system-out><![CDATA[2019-06-02 15:12:13 INFO  LoggerUtil:29 - ****************************************************************************************
2019-06-02 15:12:13 INFO  LoggerUtil:31 - $$$$$$$$$$$$$$$$$$$$$                 Test case: isSmartphonesAndTvPageLoaded is running...       $$$$$$$$$$$$$$$$$$$$$$$$$
2019-06-02 15:12:13 INFO  LoggerUtil:33 - ****************************************************************************************
2019-06-02 15:12:15 INFO  LoggerUtil:38 - Loaded: https://rozetka.com.ua/ua/
2019-06-02 15:12:15 INFO  LoggerUtil:38 - Waiting for clickable element Smartphones and TV link
2019-06-02 15:12:46 ERROR LoggerUtil:50 - Failed to find clickable element 'engine.Locatable@662d42e':Expected condition failed: waiting for element to be clickable: By.xpath: (//a[@class = 'menu-categories__link'])[2] (tried for 30 second(s) with 500 milliseconds interval)
Build info: version: '3.12.0', revision: '7c6e0b3', time: '2018-05-08T14:04:26.12Z'
System info: host: 'AREDCHYTS-NOUT', ip: '192.168.0.105', os.name: 'Windows 10', os.arch: 'amd64', os.version: '10.0', java.version: '1.8.0_162'
Driver info: org.openqa.selenium.chrome.ChromeDriver
Capabilities {acceptInsecureCerts: false, acceptSslCerts: false, applicationCacheEnabled: false, browserConnectionEnabled: false, browserName: chrome, chrome: {chromedriverVersion: 74.0.3729.6 (255758eccf3d24..., userDataDir: C:\Windows\TEMP\scoped_dir1...}, cssSelectorsEnabled: true, databaseEnabled: false, goog:chromeOptions: {debuggerAddress: localhost:54981}, handlesAlerts: true, hasTouchScreen: false, javascriptEnabled: true, locationContextEnabled: true, mobileEmulationEnabled: false, nativeEvents: true, networkConnectionEnabled: false, pageLoadStrategy: normal, platform: XP, platformName: XP, proxy: Proxy(), rotatable: false, setWindowRect: true, strictFileInteractability: false, takesHeapSnapshot: true, takesScreenshot: true, timeouts: {implicit: 0, pageLoad: 300000, script: 30000}, unexpectedAlertBehaviour: ignore, unhandledPromptBehavior: ignore, version: 74.0.3729.169, webStorageEnabled: true}
Session ID: aa7f30b9c57a422eeb3153490e5accbc
2019-06-02 15:12:46 ERROR LoggerUtil:50 - Failed to click on 'engine.Locatable@662d42e': Build info: version: '3.12.0', revision: '7c6e0b3', time: '2018-05-08T14:04:26.12Z'
System info: host: 'AREDCHYTS-NOUT', ip: '192.168.0.105', os.name: 'Windows 10', os.arch: 'amd64', os.version: '10.0', java.version: '1.8.0_162'
Driver info: driver.version: Driver
2019-06-02 15:12:46 INFO  LoggerUtil:38 - Waiting for visibility of Base Smartphones and TV page label
2019-06-02 15:13:16 ERROR LoggerUtil:50 - Failed to find visible webElement 'Base Smartphones and TV page label':Expected condition failed: waiting for visibility of element located by By.cssSelector: .h3,pab-h3 (tried for 30 second(s) with 500 milliseconds interval)
2019-06-02 15:13:16 ERROR LoggerUtil:50 - Can't discover visibility of element 'engine.Locatable@6c444399': Build info: version: '3.12.0', revision: '7c6e0b3', time: '2018-05-08T14:04:26.12Z'
System info: host: 'AREDCHYTS-NOUT', ip: '192.168.0.105', os.name: 'Windows 10', os.arch: 'amd64', os.version: '10.0', java.version: '1.8.0_162'
Driver info: driver.version: Driver
2019-06-02 15:13:16 ERROR LoggerUtil:50 - Test FAILED: isSmartphonesAndTvPageLoaded
2019-06-02 15:13:16 INFO  LoggerUtil:38 - Screenshot captured for test case: isSmartphonesAndTvPageLoaded
]]></system-out>
  </testcase>
  <testcase name="isAccessoriesCategoryPageLoaded" classname="ZtuShopSmokeTests" time="60.552">
    <failure message="Build info: version: &apos;3.12.0&apos;, revision: &apos;7c6e0b3&apos;, time: &apos;2018-05-08T14:04:26.12Z&apos;&#10;System info: host: &apos;AREDCHYTS-NOUT&apos;, ip: &apos;192.168.0.105&apos;, os.name: &apos;Windows 10&apos;, os.arch: &apos;amd64&apos;, os.version: &apos;10.0&apos;, java.version: &apos;1.8.0_162&apos;&#10;Driver info: driver.version: Driver" type="org.openqa.selenium.WebDriverException">org.openqa.selenium.WebDriverException: 
Build info: version: '3.12.0', revision: '7c6e0b3', time: '2018-05-08T14:04:26.12Z'
System info: host: 'AREDCHYTS-NOUT', ip: '192.168.0.105', os.name: 'Windows 10', os.arch: 'amd64', os.version: '10.0', java.version: '1.8.0_162'
Driver info: driver.version: Driver
	at ZtuShopSmokeTests.isAccessoriesCategoryPageLoaded(ZtuShopSmokeTests.java:73)
</failure>
    <system-out><![CDATA[2019-06-02 15:13:16 INFO  LoggerUtil:25 - XXXXXXXXXXXXXXXXXXXXXXX             -E---N---D-             XXXXXXXXXXXXXXXXXXXXXX
2019-06-02 15:13:16 INFO  LoggerUtil:11 - ****************************************************************************************
2019-06-02 15:13:16 INFO  LoggerUtil:13 - $$$$$$$$$$$$$$$$$$$$$                 Test suite: ZtuShopSmokeTests is running...       $$$$$$$$$$$$$$$$$$$$$$$$$
2019-06-02 15:13:16 INFO  LoggerUtil:15 - ****************************************************************************************
2019-06-02 15:13:16 INFO  LoggerUtil:29 - ****************************************************************************************
2019-06-02 15:13:16 INFO  LoggerUtil:31 - $$$$$$$$$$$$$$$$$$$$$                 Test case: isAccessoriesCategoryPageLoaded is running...       $$$$$$$$$$$$$$$$$$$$$$$$$
2019-06-02 15:13:16 INFO  LoggerUtil:33 - ****************************************************************************************
2019-06-02 15:13:16 INFO  LoggerUtil:38 - Loaded: http://localhost:8080/shop/
2019-06-02 15:13:16 INFO  LoggerUtil:38 - Waiting for clickable element Category button
2019-06-02 15:13:46 ERROR LoggerUtil:50 - Failed to find clickable element 'engine.Locatable@7e236f5f':Expected condition failed: waiting for element to be clickable: By.xpath: (//a[contains(text(), 'Accessories')])[1] (tried for 30 second(s) with 500 milliseconds interval)
2019-06-02 15:13:46 ERROR LoggerUtil:50 - Failed to click on 'engine.Locatable@7e236f5f': Build info: version: '3.12.0', revision: '7c6e0b3', time: '2018-05-08T14:04:26.12Z'
System info: host: 'AREDCHYTS-NOUT', ip: '192.168.0.105', os.name: 'Windows 10', os.arch: 'amd64', os.version: '10.0', java.version: '1.8.0_162'
Driver info: driver.version: Driver
2019-06-02 15:13:46 INFO  LoggerUtil:38 - Waiting for visibility of Base Accessories page label
2019-06-02 15:14:16 ERROR LoggerUtil:50 - Failed to find visible webElement 'Base Accessories page label':Expected condition failed: waiting for visibility of element located by By.xpath: //p[contains(text(),'Accessories')] (tried for 30 second(s) with 500 milliseconds interval)
2019-06-02 15:14:16 ERROR LoggerUtil:50 - Can't discover visibility of element 'engine.Locatable@16fad858': Build info: version: '3.12.0', revision: '7c6e0b3', time: '2018-05-08T14:04:26.12Z'
System info: host: 'AREDCHYTS-NOUT', ip: '192.168.0.105', os.name: 'Windows 10', os.arch: 'amd64', os.version: '10.0', java.version: '1.8.0_162'
Driver info: driver.version: Driver
2019-06-02 15:14:16 ERROR LoggerUtil:50 - Test FAILED: isAccessoriesCategoryPageLoaded
2019-06-02 15:14:16 INFO  LoggerUtil:38 - Screenshot captured for test case: isAccessoriesCategoryPageLoaded
]]></system-out>
  </testcase>
  <testcase name="isAppliancesCategoryPageLoaded" classname="ZtuShopSmokeTests" time="60.393">
    <failure message="Build info: version: &apos;3.12.0&apos;, revision: &apos;7c6e0b3&apos;, time: &apos;2018-05-08T14:04:26.12Z&apos;&#10;System info: host: &apos;AREDCHYTS-NOUT&apos;, ip: &apos;192.168.0.105&apos;, os.name: &apos;Windows 10&apos;, os.arch: &apos;amd64&apos;, os.version: &apos;10.0&apos;, java.version: &apos;1.8.0_162&apos;&#10;Driver info: driver.version: Driver" type="org.openqa.selenium.WebDriverException">org.openqa.selenium.WebDriverException: 
Build info: version: '3.12.0', revision: '7c6e0b3', time: '2018-05-08T14:04:26.12Z'
System info: host: 'AREDCHYTS-NOUT', ip: '192.168.0.105', os.name: 'Windows 10', os.arch: 'amd64', os.version: '10.0', java.version: '1.8.0_162'
Driver info: driver.version: Driver
	at ZtuShopSmokeTests.isAppliancesCategoryPageLoaded(ZtuShopSmokeTests.java:29)
</failure>
    <system-out><![CDATA[2019-06-02 15:14:17 INFO  LoggerUtil:29 - ****************************************************************************************
2019-06-02 15:14:17 INFO  LoggerUtil:31 - $$$$$$$$$$$$$$$$$$$$$                 Test case: isAppliancesCategoryPageLoaded is running...       $$$$$$$$$$$$$$$$$$$$$$$$$
2019-06-02 15:14:17 INFO  LoggerUtil:33 - ****************************************************************************************
2019-06-02 15:14:17 INFO  LoggerUtil:38 - Loaded: http://localhost:8080/shop/
2019-06-02 15:14:17 INFO  LoggerUtil:38 - Waiting for clickable element Category button
2019-06-02 15:14:47 ERROR LoggerUtil:50 - Failed to find clickable element 'engine.Locatable@5dfb30e0':Expected condition failed: waiting for element to be clickable: By.xpath: (//a[contains(text(), 'Appliances')])[1] (tried for 30 second(s) with 500 milliseconds interval)
2019-06-02 15:14:47 ERROR LoggerUtil:50 - Failed to click on 'engine.Locatable@5dfb30e0': Build info: version: '3.12.0', revision: '7c6e0b3', time: '2018-05-08T14:04:26.12Z'
System info: host: 'AREDCHYTS-NOUT', ip: '192.168.0.105', os.name: 'Windows 10', os.arch: 'amd64', os.version: '10.0', java.version: '1.8.0_162'
Driver info: driver.version: Driver
2019-06-02 15:14:47 INFO  LoggerUtil:38 - Waiting for visibility of Base Appliance page label
2019-06-02 15:15:17 ERROR LoggerUtil:50 - Failed to find visible webElement 'Base Appliance page label':Expected condition failed: waiting for visibility of element located by By.xpath: //p[contains(text(),'Appliances')] (tried for 30 second(s) with 500 milliseconds interval)
2019-06-02 15:15:17 ERROR LoggerUtil:50 - Can't discover visibility of element 'engine.Locatable@1773ace9': Build info: version: '3.12.0', revision: '7c6e0b3', time: '2018-05-08T14:04:26.12Z'
System info: host: 'AREDCHYTS-NOUT', ip: '192.168.0.105', os.name: 'Windows 10', os.arch: 'amd64', os.version: '10.0', java.version: '1.8.0_162'
Driver info: driver.version: Driver
2019-06-02 15:15:17 ERROR LoggerUtil:50 - Test FAILED: isAppliancesCategoryPageLoaded
2019-06-02 15:15:17 INFO  LoggerUtil:38 - Screenshot captured for test case: isAppliancesCategoryPageLoaded
]]></system-out>
  </testcase>
  <testcase name="isBasePageLoaded" classname="ZtuShopSmokeTests" time="30.464">
    <failure message="Build info: version: &apos;3.12.0&apos;, revision: &apos;7c6e0b3&apos;, time: &apos;2018-05-08T14:04:26.12Z&apos;&#10;System info: host: &apos;AREDCHYTS-NOUT&apos;, ip: &apos;192.168.0.105&apos;, os.name: &apos;Windows 10&apos;, os.arch: &apos;amd64&apos;, os.version: &apos;10.0&apos;, java.version: &apos;1.8.0_162&apos;&#10;Driver info: driver.version: Driver" type="org.openqa.selenium.WebDriverException">org.openqa.selenium.WebDriverException: 
Build info: version: '3.12.0', revision: '7c6e0b3', time: '2018-05-08T14:04:26.12Z'
System info: host: 'AREDCHYTS-NOUT', ip: '192.168.0.105', os.name: 'Windows 10', os.arch: 'amd64', os.version: '10.0', java.version: '1.8.0_162'
Driver info: driver.version: Driver
	at ZtuShopSmokeTests.isBasePageLoaded(ZtuShopSmokeTests.java:18)
</failure>
    <system-out><![CDATA[2019-06-02 15:15:17 INFO  LoggerUtil:29 - ****************************************************************************************
2019-06-02 15:15:17 INFO  LoggerUtil:31 - $$$$$$$$$$$$$$$$$$$$$                 Test case: isBasePageLoaded is running...       $$$$$$$$$$$$$$$$$$$$$$$$$
2019-06-02 15:15:17 INFO  LoggerUtil:33 - ****************************************************************************************
2019-06-02 15:15:17 INFO  LoggerUtil:38 - Loaded: http://localhost:8080/shop/
2019-06-02 15:15:17 INFO  LoggerUtil:38 - Waiting for visibility of Featured items label
2019-06-02 15:15:47 ERROR LoggerUtil:50 - Failed to find visible webElement 'Featured items label':Expected condition failed: waiting for visibility of element located by By.xpath: //h2[contains(text(),'Featured')] (tried for 30 second(s) with 500 milliseconds interval)
2019-06-02 15:15:47 ERROR LoggerUtil:50 - Can't discover visibility of element 'engine.Locatable@69fd854d': Build info: version: '3.12.0', revision: '7c6e0b3', time: '2018-05-08T14:04:26.12Z'
System info: host: 'AREDCHYTS-NOUT', ip: '192.168.0.105', os.name: 'Windows 10', os.arch: 'amd64', os.version: '10.0', java.version: '1.8.0_162'
Driver info: driver.version: Driver
2019-06-02 15:15:47 ERROR LoggerUtil:50 - Test FAILED: isBasePageLoaded
2019-06-02 15:15:47 INFO  LoggerUtil:38 - Screenshot captured for test case: isBasePageLoaded
]]></system-out>
  </testcase>
  <testcase name="isConsolesCategoryPageLoaded" classname="ZtuShopSmokeTests" time="60.52">
    <failure message="Build info: version: &apos;3.12.0&apos;, revision: &apos;7c6e0b3&apos;, time: &apos;2018-05-08T14:04:26.12Z&apos;&#10;System info: host: &apos;AREDCHYTS-NOUT&apos;, ip: &apos;192.168.0.105&apos;, os.name: &apos;Windows 10&apos;, os.arch: &apos;amd64&apos;, os.version: &apos;10.0&apos;, java.version: &apos;1.8.0_162&apos;&#10;Driver info: driver.version: Driver" type="org.openqa.selenium.WebDriverException">org.openqa.selenium.WebDriverException: 
Build info: version: '3.12.0', revision: '7c6e0b3', time: '2018-05-08T14:04:26.12Z'
System info: host: 'AREDCHYTS-NOUT', ip: '192.168.0.105', os.name: 'Windows 10', os.arch: 'amd64', os.version: '10.0', java.version: '1.8.0_162'
Driver info: driver.version: Driver
	at ZtuShopSmokeTests.isConsolesCategoryPageLoaded(ZtuShopSmokeTests.java:84)
</failure>
    <system-out><![CDATA[2019-06-02 15:15:48 INFO  LoggerUtil:29 - ****************************************************************************************
2019-06-02 15:15:48 INFO  LoggerUtil:31 - $$$$$$$$$$$$$$$$$$$$$                 Test case: isConsolesCategoryPageLoaded is running...       $$$$$$$$$$$$$$$$$$$$$$$$$
2019-06-02 15:15:48 INFO  LoggerUtil:33 - ****************************************************************************************
2019-06-02 15:15:48 INFO  LoggerUtil:38 - Loaded: http://localhost:8080/shop/
2019-06-02 15:15:48 INFO  LoggerUtil:38 - Waiting for clickable element Category button
2019-06-02 15:16:18 ERROR LoggerUtil:50 - Failed to find clickable element 'engine.Locatable@56791346':Expected condition failed: waiting for element to be clickable: By.xpath: (//a[contains(text(), 'Consoles')])[1] (tried for 30 second(s) with 500 milliseconds interval)
2019-06-02 15:16:18 ERROR LoggerUtil:50 - Failed to click on 'engine.Locatable@56791346': Build info: version: '3.12.0', revision: '7c6e0b3', time: '2018-05-08T14:04:26.12Z'
System info: host: 'AREDCHYTS-NOUT', ip: '192.168.0.105', os.name: 'Windows 10', os.arch: 'amd64', os.version: '10.0', java.version: '1.8.0_162'
Driver info: driver.version: Driver
2019-06-02 15:16:18 INFO  LoggerUtil:38 - Waiting for visibility of Base Consoles page label
2019-06-02 15:16:48 ERROR LoggerUtil:50 - Failed to find visible webElement 'Base Consoles page label':Expected condition failed: waiting for visibility of element located by By.xpath: //p[contains(text(),'Consoles')] (tried for 30 second(s) with 500 milliseconds interval)
2019-06-02 15:16:48 ERROR LoggerUtil:50 - Can't discover visibility of element 'engine.Locatable@42af16f0': Build info: version: '3.12.0', revision: '7c6e0b3', time: '2018-05-08T14:04:26.12Z'
System info: host: 'AREDCHYTS-NOUT', ip: '192.168.0.105', os.name: 'Windows 10', os.arch: 'amd64', os.version: '10.0', java.version: '1.8.0_162'
Driver info: driver.version: Driver
2019-06-02 15:16:48 ERROR LoggerUtil:50 - Test FAILED: isConsolesCategoryPageLoaded
2019-06-02 15:16:48 INFO  LoggerUtil:38 - Screenshot captured for test case: isConsolesCategoryPageLoaded
]]></system-out>
  </testcase>
  <testcase name="isLaptopsCategoryPageLoaded" classname="ZtuShopSmokeTests" time="60.403">
    <failure message="Build info: version: &apos;3.12.0&apos;, revision: &apos;7c6e0b3&apos;, time: &apos;2018-05-08T14:04:26.12Z&apos;&#10;System info: host: &apos;AREDCHYTS-NOUT&apos;, ip: &apos;192.168.0.105&apos;, os.name: &apos;Windows 10&apos;, os.arch: &apos;amd64&apos;, os.version: &apos;10.0&apos;, java.version: &apos;1.8.0_162&apos;&#10;Driver info: driver.version: Driver" type="org.openqa.selenium.WebDriverException">org.openqa.selenium.WebDriverException: 
Build info: version: '3.12.0', revision: '7c6e0b3', time: '2018-05-08T14:04:26.12Z'
System info: host: 'AREDCHYTS-NOUT', ip: '192.168.0.105', os.name: 'Windows 10', os.arch: 'amd64', os.version: '10.0', java.version: '1.8.0_162'
Driver info: driver.version: Driver
	at ZtuShopSmokeTests.isLaptopsCategoryPageLoaded(ZtuShopSmokeTests.java:40)
</failure>
    <system-out><![CDATA[2019-06-02 15:16:48 INFO  LoggerUtil:29 - ****************************************************************************************
2019-06-02 15:16:48 INFO  LoggerUtil:31 - $$$$$$$$$$$$$$$$$$$$$                 Test case: isLaptopsCategoryPageLoaded is running...       $$$$$$$$$$$$$$$$$$$$$$$$$
2019-06-02 15:16:48 INFO  LoggerUtil:33 - ****************************************************************************************
2019-06-02 15:16:48 INFO  LoggerUtil:38 - Loaded: http://localhost:8080/shop/
2019-06-02 15:16:48 INFO  LoggerUtil:38 - Waiting for clickable element Category button
2019-06-02 15:17:18 ERROR LoggerUtil:50 - Failed to find clickable element 'engine.Locatable@26ee668':Expected condition failed: waiting for element to be clickable: By.xpath: (//a[contains(text(), 'Laptops')])[1] (tried for 30 second(s) with 500 milliseconds interval)
2019-06-02 15:17:18 ERROR LoggerUtil:50 - Failed to click on 'engine.Locatable@26ee668': Build info: version: '3.12.0', revision: '7c6e0b3', time: '2018-05-08T14:04:26.12Z'
System info: host: 'AREDCHYTS-NOUT', ip: '192.168.0.105', os.name: 'Windows 10', os.arch: 'amd64', os.version: '10.0', java.version: '1.8.0_162'
Driver info: driver.version: Driver
2019-06-02 15:17:18 INFO  LoggerUtil:38 - Waiting for visibility of Base Laptops page label
2019-06-02 15:17:48 ERROR LoggerUtil:50 - Failed to find visible webElement 'Base Laptops page label':Expected condition failed: waiting for visibility of element located by By.xpath: //p[contains(text(),'Laptops')] (tried for 30 second(s) with 500 milliseconds interval)
2019-06-02 15:17:48 ERROR LoggerUtil:50 - Can't discover visibility of element 'engine.Locatable@108b5d04': Build info: version: '3.12.0', revision: '7c6e0b3', time: '2018-05-08T14:04:26.12Z'
System info: host: 'AREDCHYTS-NOUT', ip: '192.168.0.105', os.name: 'Windows 10', os.arch: 'amd64', os.version: '10.0', java.version: '1.8.0_162'
Driver info: driver.version: Driver
2019-06-02 15:17:48 ERROR LoggerUtil:50 - Test FAILED: isLaptopsCategoryPageLoaded
2019-06-02 15:17:48 INFO  LoggerUtil:38 - Screenshot captured for test case: isLaptopsCategoryPageLoaded
]]></system-out>
  </testcase>
  <testcase name="isSmartphonesCategoryPageLoaded" classname="ZtuShopSmokeTests" time="60.456">
    <failure message="Build info: version: &apos;3.12.0&apos;, revision: &apos;7c6e0b3&apos;, time: &apos;2018-05-08T14:04:26.12Z&apos;&#10;System info: host: &apos;AREDCHYTS-NOUT&apos;, ip: &apos;192.168.0.105&apos;, os.name: &apos;Windows 10&apos;, os.arch: &apos;amd64&apos;, os.version: &apos;10.0&apos;, java.version: &apos;1.8.0_162&apos;&#10;Driver info: driver.version: Driver" type="org.openqa.selenium.WebDriverException">org.openqa.selenium.WebDriverException: 
Build info: version: '3.12.0', revision: '7c6e0b3', time: '2018-05-08T14:04:26.12Z'
System info: host: 'AREDCHYTS-NOUT', ip: '192.168.0.105', os.name: 'Windows 10', os.arch: 'amd64', os.version: '10.0', java.version: '1.8.0_162'
Driver info: driver.version: Driver
	at ZtuShopSmokeTests.isSmartphonesCategoryPageLoaded(ZtuShopSmokeTests.java:51)
</failure>
    <system-out><![CDATA[2019-06-02 15:17:48 INFO  LoggerUtil:29 - ****************************************************************************************
2019-06-02 15:17:48 INFO  LoggerUtil:31 - $$$$$$$$$$$$$$$$$$$$$                 Test case: isSmartphonesCategoryPageLoaded is running...       $$$$$$$$$$$$$$$$$$$$$$$$$
2019-06-02 15:17:48 INFO  LoggerUtil:33 - ****************************************************************************************
2019-06-02 15:17:48 INFO  LoggerUtil:38 - Loaded: http://localhost:8080/shop/
2019-06-02 15:17:48 INFO  LoggerUtil:38 - Waiting for clickable element Category button
2019-06-02 15:18:19 ERROR LoggerUtil:50 - Failed to find clickable element 'engine.Locatable@3cae6fcd':Expected condition failed: waiting for element to be clickable: By.xpath: (//a[contains(text(), 'Smartphones')])[1] (tried for 30 second(s) with 500 milliseconds interval)
2019-06-02 15:18:19 ERROR LoggerUtil:50 - Failed to click on 'engine.Locatable@3cae6fcd': Build info: version: '3.12.0', revision: '7c6e0b3', time: '2018-05-08T14:04:26.12Z'
System info: host: 'AREDCHYTS-NOUT', ip: '192.168.0.105', os.name: 'Windows 10', os.arch: 'amd64', os.version: '10.0', java.version: '1.8.0_162'
Driver info: driver.version: Driver
2019-06-02 15:18:19 INFO  LoggerUtil:38 - Waiting for visibility of Base Smartphones page label
2019-06-02 15:18:49 ERROR LoggerUtil:50 - Failed to find visible webElement 'Base Smartphones page label':Expected condition failed: waiting for visibility of element located by By.xpath: //p[contains(text(),'Smartphones')] (tried for 30 second(s) with 500 milliseconds interval)
2019-06-02 15:18:49 ERROR LoggerUtil:50 - Can't discover visibility of element 'engine.Locatable@12f06cb': Build info: version: '3.12.0', revision: '7c6e0b3', time: '2018-05-08T14:04:26.12Z'
System info: host: 'AREDCHYTS-NOUT', ip: '192.168.0.105', os.name: 'Windows 10', os.arch: 'amd64', os.version: '10.0', java.version: '1.8.0_162'
Driver info: driver.version: Driver
2019-06-02 15:18:49 ERROR LoggerUtil:50 - Test FAILED: isSmartphonesCategoryPageLoaded
2019-06-02 15:18:49 INFO  LoggerUtil:38 - Screenshot captured for test case: isSmartphonesCategoryPageLoaded
]]></system-out>
  </testcase>
  <testcase name="isTvCategoryPageLoaded" classname="ZtuShopSmokeTests" time="60.47">
    <failure message="Build info: version: &apos;3.12.0&apos;, revision: &apos;7c6e0b3&apos;, time: &apos;2018-05-08T14:04:26.12Z&apos;&#10;System info: host: &apos;AREDCHYTS-NOUT&apos;, ip: &apos;192.168.0.105&apos;, os.name: &apos;Windows 10&apos;, os.arch: &apos;amd64&apos;, os.version: &apos;10.0&apos;, java.version: &apos;1.8.0_162&apos;&#10;Driver info: driver.version: Driver" type="org.openqa.selenium.WebDriverException">org.openqa.selenium.WebDriverException: 
Build info: version: '3.12.0', revision: '7c6e0b3', time: '2018-05-08T14:04:26.12Z'
System info: host: 'AREDCHYTS-NOUT', ip: '192.168.0.105', os.name: 'Windows 10', os.arch: 'amd64', os.version: '10.0', java.version: '1.8.0_162'
Driver info: driver.version: Driver
	at ZtuShopSmokeTests.isTvCategoryPageLoaded(ZtuShopSmokeTests.java:62)
</failure>
    <system-out><![CDATA[2019-06-02 15:18:49 INFO  LoggerUtil:29 - ****************************************************************************************
2019-06-02 15:18:49 INFO  LoggerUtil:31 - $$$$$$$$$$$$$$$$$$$$$                 Test case: isTvCategoryPageLoaded is running...       $$$$$$$$$$$$$$$$$$$$$$$$$
2019-06-02 15:18:49 INFO  LoggerUtil:33 - ****************************************************************************************
2019-06-02 15:18:49 INFO  LoggerUtil:38 - Loaded: http://localhost:8080/shop/
2019-06-02 15:18:49 INFO  LoggerUtil:38 - Waiting for clickable element Category button
2019-06-02 15:19:19 ERROR LoggerUtil:50 - Failed to find clickable element 'engine.Locatable@251e4f64':Expected condition failed: waiting for element to be clickable: By.xpath: (//a[contains(text(), 'TV')])[1] (tried for 30 second(s) with 500 milliseconds interval)
2019-06-02 15:19:19 ERROR LoggerUtil:50 - Failed to click on 'engine.Locatable@251e4f64': Build info: version: '3.12.0', revision: '7c6e0b3', time: '2018-05-08T14:04:26.12Z'
System info: host: 'AREDCHYTS-NOUT', ip: '192.168.0.105', os.name: 'Windows 10', os.arch: 'amd64', os.version: '10.0', java.version: '1.8.0_162'
Driver info: driver.version: Driver
2019-06-02 15:19:19 INFO  LoggerUtil:38 - Waiting for visibility of Base TV page label
2019-06-02 15:19:49 ERROR LoggerUtil:50 - Failed to find visible webElement 'Base TV page label':Expected condition failed: waiting for visibility of element located by By.xpath: //p[contains(text(),'TV')] (tried for 30 second(s) with 500 milliseconds interval)
2019-06-02 15:19:49 ERROR LoggerUtil:50 - Can't discover visibility of element 'engine.Locatable@58e280bc': Build info: version: '3.12.0', revision: '7c6e0b3', time: '2018-05-08T14:04:26.12Z'
System info: host: 'AREDCHYTS-NOUT', ip: '192.168.0.105', os.name: 'Windows 10', os.arch: 'amd64', os.version: '10.0', java.version: '1.8.0_162'
Driver info: driver.version: Driver
2019-06-02 15:19:49 ERROR LoggerUtil:50 - Test FAILED: isTvCategoryPageLoaded
2019-06-02 15:19:49 INFO  LoggerUtil:38 - Screenshot captured for test case: isTvCategoryPageLoaded
]]></system-out>
  </testcase>
</testsuite>